level=debug msg=2022-07-01T14:36:31+0700 [] Server started on port: 8080
{"device_id":"ideapad e7","http_type":"REQUEST","level":"info","msg":"REQUEST","request_body":{"account_number":"4365020100000305","client":"EGOV","request_id":"eb0b29d0bd55425b94e4e8a25ea36ecb","request_refnum":"327012257122"},"request_header":null,"service":"","timestamp":"2022-07-01T14:36:49+0700","trx_type":"inquiry_hp_byaccount","username":"Dion"}
{"device_id":"ideapad e7","http_type":"RESPONSE","level":"info","msg":"RESPONSE","response_body":{"response_code":"00","response_desc":"Get Phone By Accnum Success","response_id":"eb0b29d0bd55425b94e4e8a25ea36ecb","response_refnum":"327012257122","response_data":{"username":"pmstes1212"}},"response_code":"00","response_header":null,"service":"","timestamp":"2022-07-01T14:36:49+0700","trx_type":"inquiry_hp_byaccount","username":"Dion"}
{"device_id":"ideapad e7","http_type":"REQUEST","level":"info","msg":"REQUEST","request_body":{"account_number":"","client":"EGOV","request_id":"f4d1145200044e9d84bb6464d68077b4","request_refnum":"327012257122"},"request_header":null,"service":"","timestamp":"2022-07-01T14:36:59+0700","trx_type":"inquiry_hp_byaccount","username":"Dion"}
{"device_id":"ideapad e7","http_type":"RESPONSE","level":"info","msg":"RESPONSE","response_body":"Key: 'Acc.AccountNumber' Error:Field validation for 'AccountNumber' failed on the 'required' tag","response_code":"00","response_header":null,"service":"","timestamp":"2022-07-01T14:36:59+0700","trx_type":"inquiry_hp_byaccount","username":"Dion"}
level=debug msg=2022-07-01T14:37:41+0700 [] Server started on port: 8080
{"device_id":"ideapad e7","http_type":"REQUEST","level":"info","msg":"REQUEST","request_body":{"account_number":"","client":"EGOV","request_id":"e98f096ddd214ce1b35d4bab30cf6d90","request_refnum":"327012257122"},"request_header":null,"service":"","timestamp":"2022-07-01T14:38:11+0700","trx_type":"inquiry_hp_byaccount","username":"Dion"}
{"device_id":"ideapad e7","http_type":"RESPONSE","level":"info","msg":"RESPONSE","response_body":"Key: 'Acc.AccountNumber' Error:Field validation for 'AccountNumber' failed on the 'required' tag","response_code":"00","response_header":null,"service":"","timestamp":"2022-07-01T14:38:11+0700","trx_type":"inquiry_hp_byaccount","username":"Dion"}
{"device_id":"ideapad e7","http_type":"REQUEST","level":"info","msg":"REQUEST","request_body":{"account_number":"","client":"","request_id":"9f99546868204e90a842eaec864b9c0d","request_refnum":"327012257122"},"request_header":null,"service":"","timestamp":"2022-07-01T14:38:22+0700","trx_type":"inquiry_hp_byaccount","username":"Dion"}
{"device_id":"ideapad e7","http_type":"RESPONSE","level":"info","msg":"RESPONSE","response_body":"Key: 'Acc.Client' Error:Field validation for 'Client' failed on the 'required' tag\nKey: 'Acc.AccountNumber' Error:Field validation for 'AccountNumber' failed on the 'required' tag","response_code":"00","response_header":null,"service":"","timestamp":"2022-07-01T14:38:22+0700","trx_type":"inquiry_hp_byaccount","username":"Dion"}
level=debug msg=2022-07-01T14:44:20+0700 [] Server started on port: 8080
level=debug msg=2022-07-01T14:45:38+0700 [] Server started on port: 8080
level=debug msg=2022-07-01T14:47:01+0700 [] Server started on port: 8080
level=debug msg=2022-07-01T14:48:17+0700 [] Server started on port: 8080
{"device_id":"ideapad e7","http_type":"REQUEST","level":"info","msg":"REQUEST","request_body":{"account_number":"","client":"","request_id":"90e2df1e9f4145258d0db3168654c0e2","request_refnum":"327012257122"},"request_header":null,"service":"","timestamp":"2022-07-01T14:48:27+0700","trx_type":"inquiry_hp_byaccount","username":"Dion"}
level=debug msg=2022-07-01T14:49:06+0700 [] Server started on port: 8080
{"device_id":"ideapad e7","http_type":"REQUEST","level":"info","msg":"REQUEST","request_body":{"account_number":"","client":"","request_id":"3f242aeb4867467f8b51bd5cc43c8518","request_refnum":"327012257122"},"request_header":null,"service":"","timestamp":"2022-07-01T14:49:11+0700","trx_type":"inquiry_hp_byaccount","username":"Dion"}
level=debug msg=2022-07-01T14:51:03+0700 [] Server started on port: 8080
level=debug msg=2022-07-01T14:51:34+0700 [] Server started on port: 8080
level=debug msg=2022-07-01T15:08:05+0700 [] Server started on port: 8080
{"device_id":"ideapad e7","http_type":"REQUEST","level":"info","msg":"REQUEST","request_body":{"account_number":"","client":"","request_id":"c4c550c095944afab7550f84893b38ec","request_refnum":"327012257122"},"request_header":null,"service":"","timestamp":"2022-07-01T15:08:10+0700","trx_type":"inquiry_hp_byaccount","username":"Dion"}
{"device_id":"ideapad e7","http_type":"RESPONSE","level":"info","msg":"RESPONSE","response_body":{"response_code":"VE","response_desc":"fail on validation","response_id":"c4c550c095944afab7550f84893b38ec","response_refnum":"","response_data":"Key: 'Acc.Client' Error:Field validation for 'Client' failed on the 'required' tag\nKey: 'Acc.AccountNumber' Error:Field validation for 'AccountNumber' failed on the 'required' tag"},"response_code":"00","response_header":null,"service":"","timestamp":"2022-07-01T15:08:10+0700","trx_type":"inquiry_hp_byaccount","username":"Dion"}
level=debug msg=2022-07-01T15:08:26+0700 [] Server started on port: 8080
{"device_id":"ideapad e7","http_type":"REQUEST","level":"info","msg":"REQUEST","request_body":{"account_number":"","client":"","request_id":"bef0c3e68fcd4e5886257ac8d1489638","request_refnum":"327012257122"},"request_header":null,"service":"","timestamp":"2022-07-01T15:08:27+0700","trx_type":"inquiry_hp_byaccount","username":"Dion"}
{"device_id":"ideapad e7","http_type":"RESPONSE","level":"info","msg":"RESPONSE","response_body":{"response_code":"VE","response_desc":"fail on validation","response_id":"bef0c3e68fcd4e5886257ac8d1489638","response_refnum":"","response_data":"Key: 'Acc.Client' Error:Field validation for 'Client' failed on the 'required' tag\nKey: 'Acc.AccountNumber' Error:Field validation for 'AccountNumber' failed on the 'required' tag"},"response_code":"00","response_header":null,"service":"","timestamp":"2022-07-01T15:08:27+0700","trx_type":"inquiry_hp_byaccount","username":"Dion"}
level=debug msg=2022-07-01T15:18:46+0700 [] Server started on port: 8080
{"device_id":"ideapad e7","http_type":"REQUEST","level":"info","msg":"REQUEST","request_body":{"account_number":"","client":"","request_id":"88f3b3c16b8b4e78b823f13995b4919f","request_refnum":"327012257122"},"request_header":null,"service":"","timestamp":"2022-07-01T15:18:55+0700","trx_type":"inquiry_hp_byaccount","username":"Dion"}
{"device_id":"ideapad e7","http_type":"RESPONSE","level":"info","msg":"RESPONSE","response_body":{"response_code":"VE","response_desc":"fail on validation","response_id":"88f3b3c16b8b4e78b823f13995b4919f","response_refnum":"","response_data":"Key: 'Acc.Client' Error:Field validation for 'Client' failed on the 'required' tag\nKey: 'Acc.AccountNumber' Error:Field validation for 'AccountNumber' failed on the 'required' tag"},"response_code":"00","response_header":null,"service":"","timestamp":"2022-07-01T15:18:55+0700","trx_type":"inquiry_hp_byaccount","username":"Dion"}
level=debug msg=2022-07-01T15:32:18+0700 [] Server started on port: 8080
{"device_id":"ideapad e7","http_type":"REQUEST","level":"info","msg":"REQUEST","request_body":{"account_number":"","client":"","request_id":"1c553a8bc22a4b2b9f2d80143cfa94ea","request_refnum":"327012257122"},"request_header":null,"service":"","timestamp":"2022-07-01T15:32:22+0700","trx_type":"inquiry_hp_byaccount","username":"Dion"}
{"device_id":"ideapad e7","http_type":"RESPONSE","level":"info","msg":"RESPONSE","response_body":{"response_code":"VE","response_desc":"fail on validation","response_id":"1c553a8bc22a4b2b9f2d80143cfa94ea","response_refnum":"","response_data":"Key: 'Acc.Client' Error:Field validation for 'Client' failed on the 'required' tag\nKey: 'Acc.AccountNumber' Error:Field validation for 'AccountNumber' failed on the 'required' tag"},"response_code":"00","response_header":null,"service":"","timestamp":"2022-07-01T15:32:22+0700","trx_type":"inquiry_hp_byaccount","username":"Dion"}
level=debug msg=2022-07-01T17:00:26+0700 [] Server started on port: 8080
{"device_id":"ideapad e7","http_type":"REQUEST","level":"info","msg":"REQUEST","request_body":{"account_number":"","client":"","request_id":"d2904523bbc949169149c1fc7434ef06","request_refnum":"327012257122"},"request_header":null,"service":"","timestamp":"2022-07-01T17:00:32+0700","trx_type":"inquiry_hp_byaccount","username":"Dion"}
{"device_id":"ideapad e7","http_type":"RESPONSE","level":"info","msg":"RESPONSE","response_body":{"response_code":"VE","response_desc":"fail on validation","response_id":"d2904523bbc949169149c1fc7434ef06","response_refnum":"","response_data":"Key: 'Acc.Client' Error:Field validation for 'Client' failed on the 'required' tag\nKey: 'Acc.AccountNumber' Error:Field validation for 'AccountNumber' failed on the 'required' tag"},"response_code":"00","response_header":null,"service":"","timestamp":"2022-07-01T17:00:32+0700","trx_type":"inquiry_hp_byaccount","username":"Dion"}
level=debug msg=2022-07-01T17:01:09+0700 [] Server started on port: 8080
{"device_id":"ideapad e7","http_type":"REQUEST","level":"info","msg":"REQUEST","request_body":{"account_number":"","client":"","request_id":"afd5d4a63cc44d04b49adfde3542864b","request_refnum":"327012257122"},"request_header":null,"service":"","timestamp":"2022-07-01T17:01:15+0700","trx_type":"inquiry_hp_byaccount","username":"Dion"}
{"device_id":"ideapad e7","http_type":"RESPONSE","level":"info","msg":"RESPONSE","response_body":{"response_code":"VE","response_desc":"fail on validation","response_id":"afd5d4a63cc44d04b49adfde3542864b","response_refnum":"","response_data":"Key: 'Acc.Client' Error:Field validation for 'Client' failed on the 'required' tag\nKey: 'Acc.AccountNumber' Error:Field validation for 'AccountNumber' failed on the 'required' tag"},"response_code":"00","response_header":null,"service":"","timestamp":"2022-07-01T17:01:15+0700","trx_type":"inquiry_hp_byaccount","username":"Dion"}
level=debug msg=2022-07-01T17:29:17+0700 [] Server started on port: 8080
{"device_id":"ideapad e7","http_type":"REQUEST","level":"info","msg":"REQUEST","request_body":{"account_number":"","client":"","request_id":"48fb4b0387324ee4b07ea33b0ae1a9e6","request_refnum":"327012257122"},"request_header":null,"service":"","timestamp":"2022-07-01T17:29:23+0700","trx_type":"inquiry_hp_byaccount","username":"Dion"}
{"device_id":"ideapad e7","http_type":"RESPONSE","level":"info","msg":"RESPONSE","response_body":{"response_code":"VE","response_desc":"fail on validation","response_id":"48fb4b0387324ee4b07ea33b0ae1a9e6","response_refnum":"","response_data":"Key: 'Acc.Client' Error:Field validation for 'Client' failed on the 'required' tag\nKey: 'Acc.AccountNumber' Error:Field validation for 'AccountNumber' failed on the 'required' tag"},"response_code":"00","response_header":null,"service":"","timestamp":"2022-07-01T17:29:23+0700","trx_type":"inquiry_hp_byaccount","username":"Dion"}
